<?xml version="1.0" encoding="UTF-8"?>
<testsuite xmlns:xsi="http://www.w3.org/2001/XMLSchema-instance" xsi:noNamespaceSchemaLocation="https://maven.apache.org/surefire/maven-surefire-plugin/xsd/surefire-test-report-3.0.xsd" version="3.0" name="runners.TestRunner" time="63.883" tests="3" errors="0" skipped="0" failures="0">
  <properties>
[...]
</properties>
  <testcase name="Verify Celsius to Fahrenheit conversion works correctly" classname="Temperature Conversion" time="47.209">
    <system-out><![CDATA[
Scenario: Verify Celsius to Fahrenheit conversion works correctly # src/test/resources/features/ConverterTest.feature:3
App launched successfully.
  Given the app is launched                                       # stepdefs.ConverterSteps.the_app_is_launched()
 Old version popup dismissed
  Then the home screen is displayed                               # stepdefs.ConverterSteps.the_home_screen_is_displayed()
  When I enter "100" in the Celsius field                         # stepdefs.ConverterSteps.i_enter_in_the_celsius_field(java.lang.String)
  And I tap on the Convert button                                 # stepdefs.ConverterSteps.i_tap_on_the_convert_button()
  Then I should see the Fahrenheit result "212.0"                 # stepdefs.ConverterSteps.i_should_see_the_fahrenheit_result(java.lang.String)
  When I clear the Celsius field                                  # stepdefs.ConverterSteps.i_clear_the_celsius_field()
  And I enter "0" in the Celsius field                            # stepdefs.ConverterSteps.i_enter_in_the_celsius_field(java.lang.String)
  And I tap on the Convert button                                 # stepdefs.ConverterSteps.i_tap_on_the_convert_button()
  Then I should see the Fahrenheit result "32.0"                  # stepdefs.ConverterSteps.i_should_see_the_fahrenheit_result(java.lang.String)
]]></system-out>
    <system-err><![CDATA[SLF4J: No SLF4J providers were found.
SLF4J: Defaulting to no-operation (NOP) logger implementation
SLF4J: See https://www.slf4j.org/codes.html#noProviders for further details.
]]></system-err>
  </testcase>
  <testcase name="Verify Fahrenheit to Celsius conversion works correctly" classname="Temperature Conversion" time="8.253">
    <system-out><![CDATA[
Scenario: Verify Fahrenheit to Celsius conversion works correctly # src/test/resources/features/ConverterTest.feature:14
App launched successfully.
  Given the app is launched                                       # stepdefs.ConverterSteps.the_app_is_launched()
 No old version popup displayed
  Then the home screen is displayed                               # stepdefs.ConverterSteps.the_home_screen_is_displayed()
  When I enter "212" in the Fahrenheit field                      # stepdefs.ConverterSteps.i_enter_in_the_fahrenheit_field(java.lang.String)
  And I tap on the Convert F-C button                             # stepdefs.ConverterSteps.i_tap_on_the_convert_fc_button()
  Then I should see the Celsius result "100.0"                    # stepdefs.ConverterSteps.i_should_see_the_celsius_result(java.lang.String)
  When I clear the Fahrenheit field                               # stepdefs.ConverterSteps.i_clear_the_fahrenheit_field()
  And I enter "32" in the Fahrenheit field                        # stepdefs.ConverterSteps.i_enter_in_the_fahrenheit_field(java.lang.String)
  And I tap on the Convert F-C button                             # stepdefs.ConverterSteps.i_tap_on_the_convert_fc_button()
  Then I should see the Celsius result "0.0"                      # stepdefs.ConverterSteps.i_should_see_the_celsius_result(java.lang.String)
]]></system-out>
  </testcase>
  <testcase name="Verify Reset button clears both fields" classname="Temperature Conversion" time="7.19">
    <system-out><![CDATA[
Scenario: Verify Reset button clears both fields # src/test/resources/features/ConverterTest.feature:25
App launched successfully.
  Given the app is launched                      # stepdefs.ConverterSteps.the_app_is_launched()
 No old version popup displayed
  Then the home screen is displayed              # stepdefs.ConverterSteps.the_home_screen_is_displayed()
  When I enter "50" in the Celsius field         # stepdefs.ConverterSteps.i_enter_in_the_celsius_field(java.lang.String)
  And I enter "122" in the Fahrenheit field      # stepdefs.ConverterSteps.i_enter_in_the_fahrenheit_field(java.lang.String)
 Reset button clicked
  And I tap on the Reset button                  # stepdefs.ConverterSteps.i_tap_on_the_reset_button()
âœ… Both fields cleared (reset to empty or 0).
  Then both fields should be cleared             # stepdefs.ConverterSteps.both_fields_should_be_cleared()
]]></system-out>
  </testcase>
</testsuite>